<?xml version="1.0" encoding="UTF-8"?>
<!-- Generated by org.testng.reporters.JUnitXMLReporter -->
<testsuite ignored="0" hostname="Labor" failures="0" tests="4" name="Surefire test" time="3.231" errors="0" timestamp="2022-04-23T15:38:33 MESZ">
  <testcase classname="com.simplilearn.CapStoneTest" name="OpenPageTest" time="0.144"/>
  <testcase classname="com.simplilearn.CapStoneTest" name="adminLoginTest" time="0.482"/>
  <testcase classname="com.simplilearn.CapStoneTest" name="adminPortalTest" time="0.192"/>
  <testcase classname="com.simplilearn.CapStoneTest" name="userPortalTest" time="0.17"/>
</testsuite> <!-- Surefire test -->
